\BOOKMARK [0][-]{chapter*.1}{Basics}{}% 1
\BOOKMARK [1][-]{section*.2}{Course\040Meetings}{chapter*.1}% 2
\BOOKMARK [2][-]{section*.3}{Course\040Website}{section*.2}% 3
\BOOKMARK [2][-]{section*.4}{Chris's\040Information}{section*.2}% 4
\BOOKMARK [1][-]{section*.5}{Hardcopy\040Syllabus}{chapter*.1}% 5
\BOOKMARK [1][-]{section*.6}{License}{chapter*.1}% 6
\BOOKMARK [-1][-]{part.1}{I\040Syllabus}{}% 7
\BOOKMARK [0][-]{chapter.1}{Course\040Introduction}{part.1}% 8
\BOOKMARK [1][-]{section.1.1}{Two\040Courses,\040One\040Goal}{chapter.1}% 9
\BOOKMARK [1][-]{section.1.2}{Course\040Objectives}{chapter.1}% 10
\BOOKMARK [1][-]{section.1.3}{Core\040Resources}{chapter.1}% 11
\BOOKMARK [1][-]{section.1.4}{Readings}{chapter.1}% 12
\BOOKMARK [1][-]{section.1.5}{Services}{chapter.1}% 13
\BOOKMARK [2][-]{subsection.1.5.1}{GitHub}{section.1.5}% 14
\BOOKMARK [2][-]{subsection.1.5.2}{Slack}{section.1.5}% 15
\BOOKMARK [1][-]{section.1.6}{Software}{chapter.1}% 16
\BOOKMARK [2][-]{subsection.1.6.1}{R\040and\040RStudio}{section.1.6}% 17
\BOOKMARK [2][-]{subsection.1.6.2}{GitHub\040Desktop}{section.1.6}% 18
\BOOKMARK [2][-]{subsection.1.6.3}{Additional\040Software}{section.1.6}% 19
\BOOKMARK [0][-]{chapter.2}{Course\040Policies}{part.1}% 20
\BOOKMARK [1][-]{section.2.1}{Compassionate\040Coursework}{chapter.2}% 21
\BOOKMARK [2][-]{subsection.2.1.1}{Code\040of\040Conduct}{section.2.1}% 22
\BOOKMARK [2][-]{subsection.2.1.2}{Harrassment\040and\040Title\040IX}{section.2.1}% 23
\BOOKMARK [1][-]{section.2.2}{Attendance\040and\040Participation}{chapter.2}% 24
\BOOKMARK [1][-]{section.2.3}{Communication}{chapter.2}% 25
\BOOKMARK [1][-]{section.2.4}{Electronic\040Devices}{chapter.2}% 26
\BOOKMARK [1][-]{section.2.5}{Student\040Support}{chapter.2}% 27
\BOOKMARK [2][-]{subsection.2.5.1}{Basic\040Needs}{section.2.5}% 28
\BOOKMARK [2][-]{subsection.2.5.2}{Academic\040Accommodations}{section.2.5}% 29
\BOOKMARK [2][-]{subsection.2.5.3}{Writing\040Services}{section.2.5}% 30
\BOOKMARK [2][-]{subsection.2.5.4}{Student-athletes}{section.2.5}% 31
\BOOKMARK [1][-]{section.2.6}{Academic\040Honesty}{chapter.2}% 32
\BOOKMARK [0][-]{chapter.3}{Assignments\040and\040Grading}{part.1}% 33
\BOOKMARK [1][-]{section.3.1}{Assignments}{chapter.3}% 34
\BOOKMARK [2][-]{subsection.3.1.1}{Attendance\040and\040Participation}{section.3.1}% 35
\BOOKMARK [2][-]{subsection.3.1.2}{Lecture\040Preps}{section.3.1}% 36
\BOOKMARK [2][-]{subsection.3.1.3}{Lab\040Exercises}{section.3.1}% 37
\BOOKMARK [2][-]{subsection.3.1.4}{Problem\040Sets}{section.3.1}% 38
\BOOKMARK [2][-]{subsection.3.1.5}{Final\040Project}{section.3.1}% 39
\BOOKMARK [1][-]{section.3.2}{Submission\040and\040Late\040Work}{chapter.3}% 40
\BOOKMARK [2][-]{subsection.3.2.1}{Assignment\040Submission}{section.3.2}% 41
\BOOKMARK [2][-]{subsection.3.2.2}{Licensing\040of\040Student\040Work}{section.3.2}% 42
\BOOKMARK [2][-]{subsection.3.2.3}{Late\040Work}{section.3.2}% 43
\BOOKMARK [1][-]{section.3.3}{Extra\040Credit}{chapter.3}% 44
\BOOKMARK [1][-]{section.3.4}{Grading}{chapter.3}% 45
\BOOKMARK [-1][-]{part.2}{II\040Reading\040List}{}% 46
\BOOKMARK [0][-]{chapter.4}{Course\040Schedule}{part.2}% 47
\BOOKMARK [1][-]{section.4.1}{Planned\040Online\040Lectures}{chapter.4}% 48
\BOOKMARK [1][-]{section.4.2}{Class\040Progression}{chapter.4}% 49
\BOOKMARK [1][-]{section.4.3}{Scheduling\040Notes}{chapter.4}% 50
\BOOKMARK [0][-]{chapter.5}{Lecture\040Schedule}{part.2}% 51
\BOOKMARK [1][-]{section*.7}{Course\040Preview}{chapter.5}% 52
\BOOKMARK [2][-]{section*.8}{Topics}{section*.7}% 53
\BOOKMARK [2][-]{section*.9}{Videos}{section*.7}% 54
\BOOKMARK [2][-]{section*.11}{Readings}{section*.7}% 55
\BOOKMARK [2][-]{section*.14}{Assignments}{section*.7}% 56
\BOOKMARK [1][-]{section*.16}{Lecture-01:\040Course\040Introduction}{chapter.5}% 57
\BOOKMARK [2][-]{section*.17}{Topics}{section*.16}% 58
\BOOKMARK [2][-]{section*.18}{Readings}{section*.16}% 59
\BOOKMARK [2][-]{section*.21}{Assignments}{section*.16}% 60
\BOOKMARK [1][-]{section*.24}{Lecture-02:\040Working\040with\040Data}{chapter.5}% 61
\BOOKMARK [2][-]{section*.25}{Topics}{section*.24}% 62
\BOOKMARK [2][-]{section*.26}{Readings}{section*.24}% 63
\BOOKMARK [2][-]{section*.28}{Assignments}{section*.24}% 64
\BOOKMARK [1][-]{section*.31}{Lecture-03:\040Describing\040Distributions}{chapter.5}% 65
\BOOKMARK [2][-]{section*.32}{Topics}{section*.31}% 66
\BOOKMARK [2][-]{section*.33}{Readings}{section*.31}% 67
\BOOKMARK [2][-]{section*.35}{Assignments}{section*.31}% 68
\BOOKMARK [1][-]{section*.38}{Lecture-04:\040Probability}{chapter.5}% 69
\BOOKMARK [2][-]{section*.39}{Topics}{section*.38}% 70
\BOOKMARK [2][-]{section*.40}{Readings}{section*.38}% 71
\BOOKMARK [2][-]{section*.42}{Assignments}{section*.38}% 72
\BOOKMARK [1][-]{section*.45}{Lecture-05:\040The\040Distribution\040of\040Random\040Variables}{chapter.5}% 73
\BOOKMARK [2][-]{section*.46}{Topics}{section*.45}% 74
\BOOKMARK [2][-]{section*.47}{Readings}{section*.45}% 75
\BOOKMARK [2][-]{section*.49}{Assignments}{section*.45}% 76
\BOOKMARK [1][-]{section*.52}{Lecture-06:\040Foundations\040for\040Inference}{chapter.5}% 77
\BOOKMARK [2][-]{section*.53}{Topics}{section*.52}% 78
\BOOKMARK [2][-]{section*.54}{Readings}{section*.52}% 79
\BOOKMARK [2][-]{section*.56}{Assignments}{section*.52}% 80
\BOOKMARK [1][-]{section*.59}{Lecture-07:\040Difference\040of\040Means\040\(Part\0401\)}{chapter.5}% 81
\BOOKMARK [2][-]{section*.60}{Topics}{section*.59}% 82
\BOOKMARK [2][-]{section*.61}{Readings}{section*.59}% 83
\BOOKMARK [2][-]{section*.63}{Assignments}{section*.59}% 84
\BOOKMARK [1][-]{section*.67}{Lecture-08:\040Difference\040of\040Means\040\(Part\0402\)}{chapter.5}% 85
\BOOKMARK [2][-]{section*.68}{Topics}{section*.67}% 86
\BOOKMARK [2][-]{section*.69}{Readings}{section*.67}% 87
\BOOKMARK [2][-]{section*.71}{Assignments}{section*.67}% 88
\BOOKMARK [1][-]{section*.74}{Lecture-09:\040Working\040with\040Factors}{chapter.5}% 89
\BOOKMARK [2][-]{section*.75}{Topics}{section*.74}% 90
\BOOKMARK [2][-]{section*.76}{Readings}{section*.74}% 91
\BOOKMARK [2][-]{section*.78}{Assignments}{section*.74}% 92
\BOOKMARK [1][-]{section*.81}{Lecture-10:\040Correlations\040\(Part\0401\)}{chapter.5}% 93
\BOOKMARK [2][-]{section*.82}{Topics}{section*.81}% 94
\BOOKMARK [2][-]{section*.83}{Readings}{section*.81}% 95
\BOOKMARK [2][-]{section*.85}{Assignments}{section*.81}% 96
\BOOKMARK [1][-]{section*.88}{Lecture-11:\040Correlations\040\(Part\0402\)}{chapter.5}% 97
\BOOKMARK [2][-]{section*.89}{Topics}{section*.88}% 98
\BOOKMARK [2][-]{section*.90}{Readings}{section*.88}% 99
\BOOKMARK [2][-]{section*.92}{Assignments}{section*.88}% 100
\BOOKMARK [1][-]{section*.95}{Lecture-12:\040OLS\040Regression\040\(Part\0401\)}{chapter.5}% 101
\BOOKMARK [2][-]{section*.96}{Topics}{section*.95}% 102
\BOOKMARK [2][-]{section*.97}{Readings}{section*.95}% 103
\BOOKMARK [2][-]{section*.99}{Assignments}{section*.95}% 104
\BOOKMARK [1][-]{section*.103}{Lecture-13:\040OLS\040Regression\040\(Part\0402\)}{chapter.5}% 105
\BOOKMARK [2][-]{section*.104}{Topics}{section*.103}% 106
\BOOKMARK [2][-]{section*.105}{Readings}{section*.103}% 107
\BOOKMARK [2][-]{section*.107}{Assignments}{section*.103}% 108
\BOOKMARK [1][-]{section*.111}{Lecture-14:\040OLS\040Regression\040\(Part\0403\)}{chapter.5}% 109
\BOOKMARK [2][-]{section*.112}{Topics}{section*.111}% 110
\BOOKMARK [2][-]{section*.113}{Readings}{section*.111}% 111
\BOOKMARK [2][-]{section*.115}{Assignments}{section*.111}% 112
\BOOKMARK [1][-]{section*.118}{Lecture-15:\040Analysis\040of\040Variance}{chapter.5}% 113
\BOOKMARK [2][-]{section*.119}{Topics}{section*.118}% 114
\BOOKMARK [2][-]{section*.120}{Readings}{section*.118}% 115
\BOOKMARK [2][-]{section*.122}{Assignments}{section*.118}% 116
\BOOKMARK [1][-]{section*.125}{Lecture-16:\040Chi-Squared}{chapter.5}% 117
\BOOKMARK [2][-]{section*.126}{Topics}{section*.125}% 118
\BOOKMARK [2][-]{section*.127}{Readings}{section*.125}% 119
\BOOKMARK [2][-]{section*.129}{Assignments}{section*.125}% 120
